Case #1:
10000000000000000001001100110111 7 13 63 403 473 1881 73 91 333
10000000000000000001001100111001 153 287 65 441 217 43 2101761 701165 73073
10000000000000000001001100111111 2325 319 32395 2343 455 85 42129 3355 451
10000000000000000001001101101001 3 13 145 3 91 17 9 155 11
10000000000000000001001101111101 3689 451 341 781 5 41 1169861477 14452669 2993
10000000000000000001001110000001 9 5 135 9 133 3 675 5 33
10000000000000000001001110010011 27 17 2485 153 1547 17 297 5 5797
10000000000000000001001110011001 105 1180511 5 3 203 1885 9 35 11
10000000000000000001001110100101 9 19 11825 27 7 1271 27 133475 319
10000000000000000001001110100111 763 6302725 63 31 43 513 365 91 5661
10000000000000000001001110110001 3 71 185 57 49 71 1899 545 11
10000000000000000001001110110101 287 13 189 527 1763 171 803 1547 14319
10000000000000000001001111001111 3 7 35 3 35 29 9 5 1309
10000000000000000001001111111001 1023 16775 2446675 39831 385 11 766958445 318725 451
10000000000000000001010000000111 19475 1225 3145731 9061 8917 189675 1073741825 41 21
10000000000000000001010000001011 3 11 1065 129 7 123 99 5 33
10000000000000000001010000011101 3 595 13 26187 31 43 69825 73 5551
10000000000000000001010000100101 385 65 15351 403 1591 1425 4745 3731 2109
10000000000000000001010000101001 3 493 45 3 119 3 9 5 33
10000000000000000001010000101111 1095 5 85 12909 3367 25 585 37105 11
10000000000000000001010001000011 305 5 51 13 407 75 65 451 39
10000000000000000001010001100001 5 1205 1989 13 37 75 65 41 123
10000000000000000001010001101011 80325 205 85 117 15799 425 7190235 170765 803
10000000000000000001010001110101 155 36925 629 13 37 25 325 1517 7
10000000000000000001010010100111 15 5 425 429 259 25 585 214225 11
10000000000000000001010010110011 8091 221 95 9 25487 73 5697 5 341
10000000000000000001010010111001 3 11 1225 3 91 17 9 25 11
10000000000000000001010011100011 15 175 25585 1677 259 775 90675 205 77
10000000000000000001010011110111 1505 5 187 13 925 25 715 287 13
10000000000000000001010100000101 7 247 147 31 559 57 803 211211 111
10000000000000000001010100011001 3 7 13 6027 31 43 5187 73 91
10000000000000000001010100100001 7 13 21 527 43 8151 73 91 111
10000000000000000001010100101111 2821 13 2583 31 43 171 73 91 333
10000000000000000001010100111101 105 637 819 651 14663 110295 4161 8018101 15060591
10000000000000000001010101100111 63 13 63 93 43 15903 219 3913 6327
10000000000000000001010101101111 55 35 17 7163 925 25 65 451 7
10000000000000000001010101110101 49 13 51975 31 4687 171 73 3185 36297
10000000000000000001010110101101 7 2405 189 899 43 171 6205 91 333
10000000000000000001010110111011 21 5 5 51 385 241 45 35 2321
10000000000000000001010111100101 179361 13 87381 125457 817 6327 219 63973 333
10000000000000000001010111101011 3 71 5 3 175 29 9 55 473
10000000000000000001011000000101 5 5 2907 143 37 75 65 41 3
10000000000000000001011000001001 99 1519 195 441 19747 6579 513 365 21021
10000000000000000001011000001111 3045 5 25925 741 259 25 585 7175 11
10000000000000000001011000010101 3 7 143 21 1891 559 399 73 10283
10000000000000000001011000011011 513 4921 262145 189 6293 43 5643 365 19019
10000000000000000001011000100111 93 73 5 3 7 11 9 5 11
10000000000000000001011000101101 225 1942325 166855 819 88319 31175 166725 14965 1001
10000000000000000001011000111111 9 763 65 63 7595 1763 513 6205 1001
10000000000000000001011001000001 95 25 51 13 3260107 225 325 41 3
10000000000000000001011001001011 20955 5 85 46761 259 25 585 26035 187
10000000000000000001011001011101 3 7 1131 399 31 129 57 73 2457
10000000000000000001011001101001 255 7585 8075 39 259 25 2396745 2491775 803
10000000000000000001011010000111 135 215 595 117 259 25 1755 205 11
10000000000000000001011010011001 9 7 65 63 217 473 513 365 1001
10000000000000000001011010100101 39345 5 278545 1131 52577 2825 136314945 5945 11
10000000000000000001011010101111 5 5 629 13 185 25 18265 41 17
10000000000000000001011010111101 783 7 65 189 819175 1333 513 55115 1001
10000000000000000001011011000011 75 55 425 39 259 25 585 44075 11
10000000000000000001011011010111 5 35 17 143 2035 25 65 9061 119567
10000000000000000001011011011011 3 17 215 3 175 11 9 5 11
10000000000000000001011011100001 9765 5 85 351 138047 25 1755 1435 2321
10000000000000000001011011111001 3 13 5 57 35 29 9 5 209
10000000000000000001011011111111 43035 25 255 39 259 75 2925 2255 2013
10000000000000000001011100001111 109 203 3 17 11 3 1189 899 63
10000000000000000001011100010001 33 49 13 21 31 731 399 2117 637
10000000000000000001011100100111 1925 403 2079 8711 559 855 73 91 333
10000000000000000001011100101001 27 7 715 189 15407 559 513 365 1001
10000000000000000001011100101111 111 43 1055 111 35 11 9 5 209
10000000000000000001011100110101 357 613795 5733 651 1333 7353 104025 73073 30303
10000000000000000001011100111011 1845 7 325 63 103075 215 513 1825 17017
10000000000000000001011101000101 5 5 1853 13 37 25 65 779 61
10000000000000000001011101011001 75 7 39 21 589 645 627 2263 2457
10000000000000000001011101111101 3 7 13 21 31 473 57 73 91
10000000000000000001011110100001 3 407 5 3 7 37 9 5 11
10000000000000000001011110100101 68411 13 63 31 14491 8721 73 91 333
10000000000000000001011110100111 387 19 16385 783 78155 113 6291459 5365 11
10000000000000000001011110111001 117 35 65 63 7595 18103 12825 15695 1001
10000000000000000001011111100101 5 1225 17 13 2405 25 3575 41 7
10000000000000000001011111101111 225 85 255 1287 259 225 1755 205 33
10000000000000000001100000000111 273 13 105 1023 301 57 657 455 1221
10000000000000000001100000010011 549 10795 15 171 7 117 20925 5 1023
10000000000000000001100000010101 7 13 231 31 559 57 73 91 111
10000000000000000001100000100011 833 533 21 1333 1247 28101 3289891 119119 8103
10000000000000000001100000110001 861 65 105 93 863569 627 3285 455 1221
10000000000000000001100000111111 3955 247 8127 31 43 455715 73 91 110223
10000000000000000001100001000011 3 77 2475 87 7 3 9 25 231
10000000000000000001100001000101 187 41 3 11 19 9 4097 17 2847
10000000000000000001100001100111 255 10045 85 39 1813 25 2396745 3485 5621
10000000000000000001100001110111 7 13 1502109 31 43 171 73 91 333
10000000000000000001100010000101 3675 13 525 199671 2107 3705 657 15925 1221
10000000000000000001100010100001 1382801 221 147 31 14491 57 73 91 111
10000000000000000001100010101111 21 2795 63 17019 43 171 333975 1001 333
10000000000000000001100010111101 91 143 63 403 43 513 73 1729 6327
10000000000000000001100011000001 15 7 135 33 91 15 9 5 1617
10000000000000000001100011100111 49 13 4851 217 43 513 73 637 333
10000000000000000001100011110101 77 65 5481 31 43 171 365 91 232101
10000000000000000001100011110111 3 7 5 57 9835 143 9 55 77
10000000000000000001100011111101 45 29 5 27 35 5 27 155 11
10000000000000000001100100000011 21 325 3255 93 301 57 3285 455 1221
10000000000000000001100100001001 3 109 75 33 7 9 9 25 33
10000000000000000001100100010001 595 533 21 31 43 285 299081 1547 8103
10000000000000000001100100011011 75 117931 5 3 1967 305 9 5 1199
10000000000000000001100100011111 7 13 693 31 43 4959 949 91 333
10000000000000000001100100100001 11187 1045 45 9 7 87 135 5 561
10000000000000000001100100100111 123 1037 55 3 7 73 9 5 11
10000000000000000001100100111011 203 1417 1071 31 43 513 73 31031 333
10000000000000000001100101010111 315 13 63 93 43 2565 2409 91 333
10000000000000000001100101110011 91 949 318843 31 559 402363 294409 91 333
10000000000000000001100101111011 27 5 55 9 10045 11 135 5 11
10000000000000000001100110000001 1281 403 3885 93 301 81453 7227 455 1221
10000000000000000001100110001101 117 55 1775 99441 7 29 135 25 11
10000000000000000001100110001111 77 13 63 11379511 28853 513 3139 91 299367
10000000000000000001100110011001 51 13243 5 51 2208283 1241 36873 85 13651
10000000000000000001100110011101 3815 13 3591 1271 43 4275 2117 91 333
10000000000000000001100110101011 120099 13 189 837 43 56601 88257 637 14319
10000000000000000001100110111001 7 65 441 31 43 171 365 91 333
10000000000000000001100110111101 3 337 5 3 175 11 9 5 11
10000000000000000001100111000111 1267 2275 189 31 731 171 365 91 2331
10000000000000000001100111010101 63 13 63 1209 43 171 219 2639 333
10000000000000000001100111011011 16419 2701 1205 627 25025 2353 36297 5 11
10000000000000000001100111100011 12775 221 87381 4123 817 31635 73 63973 333
10000000000000000001100111110001 7 377 63 31 43 8721 949 91 333
10000000000000000001100111111111 357 5863 735 93 301 627 2691729 7735 1693527
10000000000000000001101000000101 3 211 165 723 7 99 9 5 561
10000000000000000001101000010001 3 25 675 3 49 3 45 275 33
10000000000000000001101000011101 21033 34447 262145 189 47957 43 513 6935 133133
10000000000000000001101000110111 7 65 1953 31 559 513 365 91 333
10000000000000000001101001000111 25275 5 85 1131 18389 275 585 205 11
10000000000000000001101001100101 765 11275 595 117 259 725 2725925942025 3485 803
10000000000000000001101010100111 777 13 189 279 43 282321 219 2821 13653
10000000000000000001101010110101 665 13 63 31 43 14535 73 3913 333
10000000000000000001101100000001 57 145 15 1479 77 11439 45 215 33
10000000000000000001101100010111 7 13 189 341 43 2907 73 50141 333
10000000000000000001101100011001 45 7 325 63 449407 215 513 1825 1001
10000000000000000001101100011111 3 25 5 3 35 13 45 5 11
10000000000000000001101100110011 49 5291 63 31 10363 171 73 637 333
10000000000000000001101100110111 15 61 5 123 2975 545 9 5 341
10000000000000000001101100111101 279 30637145 22165 1820511 1085 1247 12006765 7102535 41041
10000000000000000001101101001111 63 17 5 4257 175 341 27 595 11
10000000000000000001101101100001 351 17 175 6039 7 73 27 25 11
10000000000000000001101110000011 211 5 13 43 61 71 25 11 19
10000000000000000001101110000111 35 13 63 899 43 9405 73 174811 333
10000000000000000001101110010101 637 247 441 1333 817 513 67379 7007 333
10000000000000000001101110100011 21 13 63 279 43 513 219 91 333
10000000000000000001101110110001 7 13 3213 31 1247 171 73 91 333
10000000000000000001101110111001 76415 451 341 33583 5 65 19178057 11407 2993
10000000000000000001101110111111 133 65 9093 31 43 57 164615 91 111
10000000000000000001101111000111 339 43 1045 1281 385 17 9 5 11
10000000000000000001101111110111 50127 13 105 93 32809 57 657 3185 35409
10000000000000000001101111111101 663 41 45 3 7 3 1585539 3145 2409
10000000000000000001110000000101 301 13 21 31 43 57 73 91 111
10000000000000000001110000001001 3075 11 135 3 7 15 99 5 33
10000000000000000001110000100001 21 13 525 10137 3913 57 657 2275 50061
10000000000000000001110000100111 45 145 85 84591 259 425 54405 205 1661
10000000000000000001110000101111 7 13 63 31 7783 513 73 91 333
10000000000000000001110000111101 7 2665 14553 31 43 2907 365 91 333
10000000000000000001110001000001 17 41 117 17 11 4251 4097 187 219
10000000000000000001110001100011 9435 205 425 273 4921 25 2396745 17425 803
10000000000000000001110001100111 203 143 7749 31 43 171 73 91 333
10000000000000000001110001110101 21 221 63 3069 19393 171 219 91 333
10000000000000000001110001110111 5 25 221 13 185 25 325 41 181
10000000000000000001110001111011 33 473 5 3 175 37 9 565 11
10000000000000000001110010101101 10619 13 63 2201 1247 1881 73 1547 333
10000000000000000001110011000011 3 7 35 3 7 13 3789 5 77
10000000000000000001110011001001 20349 41 55 27 7 11 110619 595 803
10000000000000000001110011100101 5285 13 3148803 5611 731 79515 1073774593 2821 10323
10000000000000000001110011101101 9 55 5 657 35 493 135 185 11
10000000000000000001110011111001 15 31 25 3 35 5 9 25 11
10000000000000000001110100000001 91 143 21 31 1258223 969 73 91 111
10000000000000000001110100001111 7 65 11529 31 43 24453 15807055 1547 333
10000000000000000001110100011101 147 91 819 8463 1333 7353 4161 46501 30303
10000000000000000001110100100011 9 19 5 9 7 41 27 155 11
10000000000000000001110100101011 385 13 441 31 473 26505 73 91 333
10000000000000000001110100111001 7 13 63 24893 43 513 949 91 333
10000000000000000001110101000111 189 377 63 93 43 171 219 16471 333
10000000000000000001110101010101 7 7085 315 31 43 513 365 455 37629
10000000000000000001110101100011 7 13 693 31 43 31293 73 91 333
10000000000000000001110101100111 25 155 18241 143 185 25 65 1517 13
10000000000000000001110101101011 279 29 25 513 35 13 27 1075 11
10000000000000000001110101110001 105 13 189 279 43 108585 219 91 333
10000000000000000001110101111111 49 13 21 899 43 57 73 637 111
10000000000000000001110110001101 7 13 1953 31 22919 513 4453 91 23643
10000000000000000001110110101001 217 221 189 403 43 2223 73 91 333
10000000000000000001110110110011 1161 5 4702495 261 7105 1921 31457295 145 209
10000000000000000001110111000101 693 247 1323 1581 2623 7011 219 1001 333
10000000000000000001110111100001 3577 65 87381 589 8987 6327 1825 1467476647 333
10000000000000000001110111101111 21 13 525 93 5117 57 657 2275 74481
10000000000000000001110111111011 153 41 5715 9 77 3 110619 85 2409
10000000000000000001110111111101 5075 13 21 14663 43 285 803 91 4773
10000000000000000001111000000111 165 55 85 39 1813 325 585 205 1199
10000000000000000001111000001101 9 7 13975 2583 73129 43 513 768325 1001
10000000000000000001111000011111 246753 4921 262145 189 59675 43 513 365 19019
10000000000000000001111000100101 465 5 85 39 259 275 585 205 11
10000000000000000001111000100111 7 13 63 341 43 171 1241 91 333
10000000000000000001111000110011 11 5 9159 7 48169 3 5 407 27
10000000000000000001111000110101 7 13 2583 1147 43 273429 2263 91 6327
10000000000000000001111001000011 2205 25 85 5967 7511 25 254475 1435 11
10000000000000000001111001001001 33 29 5 33 119 13 1143 65 11
10000000000000000001111001011011 3 13 5 3 35 17 1683 55 341
10000000000000000001111001100001 1275 205 85 741 204869 3775 2396745 3485 15257
10000000000000000001111001101011 95 385 833 13 925 25 65 36859 763
10000000000000000001111001111111 15 5 2805 39 28231 225 585 205 33
10000000000000000001111010011101 45 7 1235 123921 1085 2795 5643 6205 1001
10000000000000000001111010100101 833 13 189 31 14233 4959 172812827 637 333
10000000000000000001111010100111 5 85 187 91 925 25 65 5207 19
10000000000000000001111010110101 129 11 81925 87 7105 113 2097153 725 187
10000000000000000001111011011001 15 13 635 3 2275 55 9 95 11
10000000000000000001111011100011 55 5 9367 13 185 1775 11765 41 17
10000000000000000001111011100101 261 337 55 27 175 61 27 5 11
10000000000000000001111011110111 675 5 3825 7137 259 2775 1755 1025 33
10000000000000000001111100000111 49 221 441 31 43 513 73 637 333
10000000000000000001111100001001 117 7 65 1827 217 43 513 365 17017
10000000000000000001111100010101 105 91 2457 4557 1333 36765 70737 126217 30303
10000000000000000001111100011011 9 1015 65 63 7595 43 2565 365 1001
10000000000000000001111100100011 91 325 189 276427 43 1881 365 2639 333
10000000000000000001111100101101 459 7 65 21357 239785 17501 513 365 1001
10000000000000000001111100110001 7 13 2709 899 43 171 73 91 333
10000000000000000001111100111111 63 637 1365 1953 9331 688731 37449 33215 777777
10000000000000000001111101000111 185 665 17 13 185 25 65 41 7
10000000000000000001111101011101 3 175 13 21 31 43 285 73 91
10000000000000000001111101100101 5 2465 17 13 185 25 65 41 43
10000000000000000001111101101111 2715 5 765 39 259 825 585 205 33
10000000000000000001111101110111 7 13 231 527 817 57 73 91 2109
10000000000000000001111101111011 3 35207 75 1299 7 9 9 475 33
10000000000000000001111110000001 3 43 5 3 637 319 9 5 11
10000000000000000001111110000101 7 3575 63 31 43 171 41245 91 9657
10000000000000000001111110000111 9 29 355 369 35 41 27 5 11
10000000000000000001111110001101 75 19 5 3 175 635 9 215 473
10000000000000000001111110011001 837 77 22165 147609 304885 43 98455473 244915 41041
10000000000000000001111110011111 3 17 45 51 2261 51 9 5 561
10000000000000000001111110100001 35 13 693 31 731 2565 73 91 1016649
10000000000000000001111110100101 39 37 5 57 385 13 9 5 1243
10000000000000000001111110101111 7 13 21 114917 559 3477 73 91 16761
10000000000000000001111110111101 4473 2639 6825 1953 9331 178923 37449 166075 111111
10000000000000000001111111000011 3 2567 5 3 3815 11 9 5 11
10000000000000000001111111001111 27 11 15 9 7 117 27 5 33
10000000000000000001111111100111 1995 23075 1785 1209 122507 1425 213525 18655 1221
10000000000000000001111111110011 117 29 1485 27 7 3 297 5 33
10000000000000000001111111110101 7 7657 147 31 43 627 4453 1001 6771
10000000000000000001111111111001 51 41 15 3 7 27 36873 85 2409
10000000000000000010000000000101 135 95 85 117 1813 1825 1755 30955 671
10000000000000000010000000001111 5 5 3621 2717 629 225 65 41 2769
10000000000000000010000000011101 3 17 15 3 13937 153 9 5 33
10000000000000000010000000101101 164395 325 357 403 30229 1425 1020175 26117 111
10000000000000000010000001000001 5655 31025 5756285 39 3367 1823575 11796525 2255 209
10000000000000000010000001001011 355 5 663 13 37 75 65 41 87
10000000000000000010000001001101 9 29 1305 297 7 3 297 1055 33
10000000000000000010000001010101 25 35 3111 221 37 7425 65 41 21
10000000000000000010000001011111 765 2255 595 8541 2849 25 7190235 3485 803
10000000000000000010000001100101 21 143 27195 1767 301 4047 11169 455 1221
10000000000000000010000001101001 5 5 459 91 37 75 65 41 3
10000000000000000010000001110001 27 71 165 9 7 9 27 5 473583
10000000000000000010000001111101 15 5 425 39 7511 25 585 1025 11
10000000000000000010000010000111 25 5 51 24089 37 75 65 41 57
10000000000000000010000010010001 155 1001 341 13277 5 5 4681 671 287
10000000000000000010000010100101 95 5 1989 13 1073 2175 65 145673 3
10000000000000000010000011000011 65 2555 1143063 13 5291 176475 262145 41 21
10000000000000000010000011010001 3 113 5805 129 7 3 9 5 33
10000000000000000010000011010111 615 65 425 273 259 25 585 11275 11
10000000000000000010000011100001 5 55 51 13 37 225 1235 41 3
10000000000000000010000011101001 3 41 11 9 11 29 21 37 281
10000000000000000010000011101011 25 5 39389 13 37 25 715 41 697
10000000000000000010000011110101 15 5 85 39 259 25 585 205 11
10000000000000000010000100000111 3 7 675 33 49 93 549 15725 1617
10000000000000000010000100001101 651 13 11865 93 301 57 657 455 1221
10000000000000000010000100010011 15255 17 15 9 77 435 27 5 1023
10000000000000000010000100011001 3 5 4575 3 49 9 45 25 2343
10000000000000000010000100101001 8323 13 231 31 43 57 15403 91 111
10000000000000000010000100110001 15 31 1305 3 7 15 153 55 33
10000000000000000010000100111101 57 11 5 51 7 923 9 5 11
10000000000000000010000101000101 455 4745 86037 181753 848003 3353025 19136585 3731 111
10000000000000000010000101001001 27 11 45 171 7 3 27 26245 33
10000000000000000010000101001111 75 175 2465 39 259 25 2925 205 77
10000000000000000010000101100001 231 15067 21525 93 23177 627 2392137 43225 1221
10000000000000000010000101101101 45 5 5185 117 259 25 1755 69905 11
10000000000000000010000101101111 119 13 189 31 43 171 73 91 333
10000000000000000010000101111101 7 13 12789 31 43 171 73 1547 333
10000000000000000010000110000101 3 7 495 3 7 3 9 5 231
10000000000000000010000110010001 153 25 15 27 133 3 135 5 33
10000000000000000010000111000111 18135 11315 20485 117 3367 58825 502531965 26035 11
10000000000000000010000111100101 825 1525 17425 273 2849 275 10649925 1025 11
10000000000000000010000111101101 7 4199 63 1891 43 513 73 91 333
10000000000000000010000111110001 3 43 5 3 7 2257 9 5 2651
10000000000000000010001000001101 5 1085 19737 13 37 75 65 41 21
10000000000000000010001000100101 7 13 21 1333 92837 627 73 91 111
10000000000000000010001000110011 8001 71 5461 3 73 29 128525397 77 17
10000000000000000010001000111001 3 245 13 1617 31 473 1995 2263 637
10000000000000000010001001001001 325 365 26388777 13 481 27000675 262145 41 23217
10000000000000000010001001011101 1785 19475 12835 39 4403 25 131820975 24395 803
10000000000000000010001010000001 93 11 2387 2343 1235 17 14043 671 41
10000000000000000010001010000101 145 25 51 13 37 225 3575 41 663
10000000000000000010001011000001 55 5 663 13 37 3075 65 41 3
10000000000000000010001011010101 45 30595 595 351 259 25 1755 205 11
10000000000000000010001011011111 475 545 17 13 185 25 65 533 13
10000000000000000010001011101001 35 35 17 13 2257 1775 65 287 7
10000000000000000010001011111101 155 2365 5797 619333 185 1825 304265 27511 41
10000000000000000010001100000101 399 13 105 93 301 57 657 7735 1221
10000000000000000010001100010001 5325 11 15 4161 7 135 9 5 561
10000000000000000010001100100001 7 2743 21 31 43 57 73 1001 111
10000000000000000010001100101111 10395 13 409059 93 731 855 219 91 333
10000000000000000010001100111101 49 9425 693 899 43 18981 365 71981 333
10000000000000000010001101000001 9 31 135 27 7 3 27 5 33
10000000000000000010001101001101 195 365 82247275 4251 3367 58825 2359305 29725 267223
10000000000000000010001101100111 3731 949 15183 527 6149 35005581 5004953 1001 333
10000000000000000010001101110001 33 6649 1025 51 77 1199 32769 25 11
10000000000000000010001101110101 175 13 189 31 6493 855 73 91 333
10000000000000000010001101110111 171 5 5 3051 595 31 135 5 11
10000000000000000010001110011011 98631 73 723 33 923 7059 12099 19 9
10000000000000000010001110101101 11403 13 189 93 1247 171 219 1001 333
10000000000000000010001110110101 13 215 3 7 17 3 5 127 9
10000000000000000010001111000101 15 91945 85 39 259 25 585 205 77
10000000000000000010001111010111 21 7 5 3 35 17 9 35 77
10000000000000000010001111100101 7 13 63 31 43 2907 73 2639 333
10000000000000000010001111101101 5 565 17 1963 185 25 65 41 13
10000000000000000010001111110101 52173 11407 349525 14557059 108185 11 460175067 16775 451
10000000000000000010010000000001 735 5 85 429 259 417175 585 162155 11
10000000000000000010010000000111 27 209 15 9 133 3 297 5 561
10000000000000000010010000001011 11275 1075 9437193 533 8917 21075 1073741825 779 3
10000000000000000010010000010101 215 11285 51 13 4181 75 65 41 3
10000000000000000010010000011001 9 7 124605 441 217 129 513 4015 3003
10000000000000000010010000011111 15 65 3485 39 259 775 585 205 11
10000000000000000010010000101001 5 5 3111 13 37 225 65 41 3
10000000000000000010010000111101 675 35 12155 2457 88319 1075 4234815 14965 1001
10000000000000000010010001001001 3 37 645 3 7 3 9 5 33
10000000000000000010010001010001 65 6935 405603 13 481 176475 262145 41 3
10000000000000000010010001011011 4845 3485 85 39 1813 475 74299095 3485 803
10000000000000000010010001110011 27 13 25 9 7 29 27 1525 11
10000000000000000010010001111001 165 25 595 39 259 25 2925 205 11
10000000000000000010010010000011 5 55 171717 1469 37 675 65 41 213
10000000000000000010010010010001 3 493 1995 3 7 9 99 1205 627
10000000000000000010010010010111 45 25 85 117 259 1775 8775 205 11
10000000000000000010010010100001 25 25 51 91 407 75 325 697 3
10000000000000000010010010101011 5 455 10013 13 629 25 65 1271 133
10000000000000000010010010110101 15 32395 25925 39 259 25 585 13325 11
10000000000000000010010011000001 2193 11 737325 87 24157 339 2097153 725 33
10000000000000000010010011000111 3 13 1024045 3171 7 11 9 5 11
10000000000000000010010011001111 337 25 3 17 11 3 1705 43 639
10000000000000000010010011010011 6825 365 20485 429 3367 58825 752618295 1895635 11
10000000000000000010010011110001 2745 65 85 117 259 25 1755 2255 11
10000000000000000010010100000101 425 5 459 91 407 75 65 1517 3
10000000000000000010010100001111 555 5 85 39 1813 25 6435 2255 11
10000000000000000010010100011011 3 13 5 33 7 41 9 5 11
10000000000000000010010100101101 1905 5 85 374361 259 25 585 205 11
10000000000000000010010100111001 9 7 9425 2331 3689 43 513 1825 1001
10000000000000000010010101000001 5 245 51 13 37 225 65 41 25347
10000000000000000010010101001011 9855 5 595 117 259 275 1755 205 11
10000000000000000010010101101001 2325 5 85 39 1813 25 585 205 319
10000000000000000010010101101101 301 143 63693 31 53449 2907 73 91 333
10000000000000000010010110000001 297 37 15 9 1687 3 27 635 33
10000000000000000010010110000111 15 245 85 39 259 25 585 50635 77
10000000000000000010010110100101 12915 85 85 21879 4403 425 1755 1435 3553
10000000000000000010010110101111 85 775 12971 13 5365 25 325 41 13
10000000000000000010010110110011 7 665 3 11 29 3 5 49 4473
10000000000000000010010111000011 7095 325 278545 55419 998963 2825 681574725 5945 451
10000000000000000010010111001111 21 77 5 3 35 11 9 595 77
10000000000000000010010111010111 87685 365 4097 247 2405 58825 262145 41 17
10000000000000000010010111011011 9 589 5 9 175 61 297 2945 11
10000000000000000010010111100001 15 5 2635 31863 259 25 585 205 11
10000000000000000010010111110101 5 35 119 377 185 1825 65 697 889
10000000000000000010010111111111 225 5 14025 351 259 75 1755 1025 2343
10000000000000000010011000001001 5 85 51 13 37 1467075 65 451 3
10000000000000000010011000010001 9 7 585 63 217 1419 513 365 3003
10000000000000000010011000010111 3 13 2105 123 7 13 99 355 11
10000000000000000010011000011101 15 5 2975 39 109039 25 585 1025 319
10000000000000000010011000101001 3 7 38909 21 31 43 399 2117 108199
10000000000000000010011000101111 3 85 111 71577 29 3 15 37 27
10000000000000000010011000110101 9 3451 65 693 1519 1763 57969 365 127127
10000000000000000010011000111011 15 427 1209 1281 589 645 4047 73 819
10000000000000000010011001000001 3 43 165 51 77 3 9 5 957
10000000000000000010011001011001 29835 733285 16244605 46683 5772987493 2529475 550966137345 254405 143734591
10000000000000000010011001110111 105 31 5 3 35 5 9 35 11
10000000000000000010011001111101 9 7 65 63 5425 43 5643 365 1001
10000000000000000010011010000001 33485 5 459 247 37 75 65 41 1263
10000000000000000010011010010101 1425 2795 85 4407 259 16775 16965 3895 11
10000000000000000010011010011111 1705 2695 5797 10153 185 25 304265 27511 287
10000000000000000010011010100111 39 5 99 3 11 9 4575 817 9
10000000000000000010011010111001 3 77 39 21 31 129 57 73 819
10000000000000000010011010111101 35 25 17 13 185 25 325 8323 19
10000000000000000010011011000101 1161 31 80630585 261 203203 113 6291459 145 11
10000000000000000010011011010001 15 25 425 39 259 475 2925 1025 187
10000000000000000010011100001101 3028905 7975 85 117 259 725 8775 205 11
10000000000000000010011100010011 3 403 5 3 7 17 9 5 11
10000000000000000010011100011001 3 71 35 3 7 11 9 5 11
10000000000000000010011100101011 75 19 18867 9 1243 195 3 29 3429
10000000000000000010011100101101 133 13 63 31 43 171 73 91 333
10000000000000000010011100110001 27 7 65 189 217 43 513 365 1001
10000000000000000010011101001001 105 5 85 429 2849 25 585 1435 11
10000000000000000010011101100101 77 65 63 341 3139 513 1825 91 333
10000000000000000010011101111001 171 203 715 63 1085 43 513 365 337337
10000000000000000010011101111111 3 11 45 3 7 3 9 5 33
10000000000000000010011110000101 15 5 425 39 10619 25 585 1025 11
10000000000000000010011110010011 73 205 21 7 11 33 5 43 27999
10000000000000000010011110101101 85 35 17 3133 139675 25 715 41 7
10000000000000000010011111000001 225 5 179095 117 259 25 19305 205 11
10000000000000000010011111000111 903 259 81925 87 7105 113 2097153 35525 77
10000000000000000010011111001011 5 5 323 13 925 25 65 533 13
10000000000000000010011111010101 7595 55 5797 71071 185 25 131746745 192577 4633
10000000000000000010011111011111 195 1825 2273835 39 57239 17471025 11796525 2131385 33
10000000000000000010011111110111 9 151 15 9 7 327 27 5 33
10000000000000000010011111111101 15 5 886635 39 259 75 123435 205 24123
10000000000000000010100000000111 5 5 61659 13 4033 75 65 41 3
10000000000000000010100000001101 7 13 21 341 43 57 73 91 111
10000000000000000010100000100101 1825 55 51 91 407 675 65 41 3
10000000000000000010100000101001 7 923 21 1271 817 57 2117 10283 111
10000000000000000010100000101111 145 175 17 13 1073 25 58825 41 287
10000000000000000010100001000011 5 25 51 13 1073 225 6175 84911 3
10000000000000000010100001000101 21 13 3255 93 301 2337 657 455 394383
10000000000000000010100001010111 14025 205 85 741 259 25 2396745 3485 803
10000000000000000010100001011101 57 11 145 51 77 13 9 5 319
10000000000000000010100001100001 455 4745 86037 131018927 351611 3353025 19136585 3731 111
10000000000000000010100001101011 5 5 5729 13 37 725 65 16687 793
10000000000000000010100001101111 21 70499 63 9207 43 171 219 3913 14319
10000000000000000010100001110101 135 85 85 1287 259 25 1755 205 11
10000000000000000010100001111101 7 13 1197 31 43 8721 803 1001 333
10000000000000000010100001111111 5 755 187 91 3515 25 65 41 17
10000000000000000010100010111011 25 5627 1665 7 779 45 41 55 261
10000000000000000010100011011111 119 41 13 11 25 143 45067 3689 73
10000000000000000010100011101101 525 13 189 279 43 9405 6789 44863 333
10000000000000000010100100000101 1017 17 75 99 203 9 27 25 33
10000000000000000010100100001001 7 143 16023 31 43 57 73 91 111
10000000000000000010100100010001 3 5 45 51 77 3 45 5 33
10000000000000000010100100010111 71253 11 5 9 16219 17 27 35 11
10000000000000000010100100110101 3 281 35 87 287 11 9 5 13277
10000000000000000010100101000001 399 13 105 93 301 969 657 455 52503
10000000000000000010100101000111 15 5 425 78351 83657 3175 585 1025 11
10000000000000000010100101001111 7 13 441 1147 43 5643 73 1547 333
10000000000000000010100101011101 49 325 189 31 43 171 365 637 5661
10000000000000000010100101100101 7215 6935 20485 4953 3367 58825 2359305 205 451
10000000000000000010100101101011 21 13 189 17019 731 171 40953 91 333
10000000000000000010100101111001 35 221 693 31 473 855 73 91 333
10000000000000000010100110101101 3 5 3 3 71 3 165 37 27
10000000000000000010100110110011 741 73 13737 27 13 7059 12099 11 110619
10000000000000000010100110111001 1917 631 3 3 29 3 39 17 42129
10000000000000000010100111001101 17017 40807 440307 31 242047 402363 8537861 91 333
10000000000000000010100111011101 10845 19 25 9 35 85 27 25 11
10000000000000000010100111100111 36725 1520225 618647 13 2405 58825 1310725 41 7
10000000000000000010100111101001 21 65 63 837 43 513 1095 91 333
10000000000000000010101000000101 35 65 357 11687 1591 24225 4745 3731 233027961
10000000000000000010101000010001 17 41 3 11 221 109881 4097 17 219
10000000000000000010101000011001 75 427 143 205233 589 215 399 73 91
10000000000000000010101000100001 86387 13 1617 31 43 57 73 637 111
10000000000000000010101000101111 427 481 1575 31 43 36423 2117 145145 333
10000000000000000010101000111101 21 91 2457 651 1333 7353 4161 6643 30303
10000000000000000010101001000001 155 145 153 91 703 75 715 41 3
10000000000000000010101001001011 3325 595 17 13 37 25 65 287 49
10000000000000000010101001010101 255 205 935 39 259 25 2396745 4645505 803
10000000000000000010101001100111 231 2015 1323 279 43 171 44895 91 333
10000000000000000010101001110101 7 143 63 31 731 171 73 188461 5661
10000000000000000010101010100101 545 35 17 13 37 3775 65 41 7
10000000000000000010101010101101 203 2743 156555 31 43 171 15403 455 333
10000000000000000010101010111101 589 11 341 13277 5 13 4681 12749 41
10000000000000000010101011000011 5 5 2261 93041 37 25 65 222179 19
10000000000000000010101011100001 25 5 17 143 37 425 65 11521 13
10000000000000000010101011100101 147 481 63 516987 43 513 219 637 333
10000000000000000010101011110101 5 475 323 91 306175 775 325 2911 29
10000000000000000010101011111111 6205 371665 153 13 2701 75 266305 697 1533
10000000000000000010101100000001 77 13 21 31 43 57 73 91 2109
10000000000000000010101100001111 63 6440239 189 93 43 171 219 1729 333
10000000000000000010101100011101 35 13 2709 341 43 9405 73 3367 70263
10000000000000000010101100101011 7 65 50065785 31 43 7011 365 239785 333
10000000000000000010101100111001 8463 6643 1381653 651 1265017 6454728571239 184594443 6643 30303
10000000000000000010101101000101 225 49775 85 351 259 725 8775 14555 11
10000000000000000010101101000111 49 4381 63 31 43 36081 803 637 333
10000000000000000010101101001111 5 5 17 13 185 1525 65 451 7163
10000000000000000010101101010101 133 13 63 589 43 513 73 11557 9657
10000000000000000010101101100011 7455 13 63 35991 43 28215 219 91 333
10000000000000000010101101110001 7 65 189 31 2623 171 1825 91 333
10000000000000000010101101111111 763 13 147 341 8041 57 73 91 111
10000000000000000010101110001101 63 715 63 93 8987 14877 47085 91 20313
10000000000000000010101110101001 20825 13 6752025 33263 43 855 73 136955 333
10000000000000000010101111000101 7 13 2079 31 43 171 1241 91 333
10000000000000000010101111100001 21 13 1827 279 43 171 219 1001 333
10000000000000000010101111100101 5 5 221 13 185 1825 65 41 731
10000000000000000010101111101111 455 4745 86037 403 20683 3353025 19136585 3731 7881
10000000000000000010101111111101 7 221 21 3937 43 57 73 91 111
10000000000000000010110000000011 5 5 51 1815541 703 75 65 41 3
10000000000000000010110000000101 3 781 45 3 91 381 20889 5 33
10000000000000000010110000010111 915 1655 425 429 652939 275 585 13325 11
10000000000000000010110000011101 9 7 2665 4599 1519 43 513 365 1001
10000000000000000010110000100001 5 35 153 5629 1137121 75 65 41 21
10000000000000000010110000110101 1155 25 85 39 259 25 2925 1120735 11
10000000000000000010110001001101 3 629 25 3 7 73 9 25 451
10000000000000000010110001010011 765 2665 85 1989 259 25 7190235 3485 803
10000000000000000010110001101101 49 325 63 31 43 171 6205 637 333
10000000000000000010110001110001 975 365 1946075 39 3367 58825 96731505 62525 1199
10000000000000000010110001111011 1505 175 527 247 27935 275 3575 5453 7
10000000000000000010110010100011 275 25 17 352963 37 25 3575 533 13
10000000000000000010110010101101 4185 61 29319 3 281 195 3 113 9
10000000000000000010110010110111 145 5 17 2639 185 475 65 41 31
10000000000000000010110011010001 7353 1417 16385 8613 1421 4633 69206049 145 11
10000000000000000010110011110011 65 4015 4097 13 12025 58825 262145 41 19
10000000000000000010110100000111 1575 5 85 117 259 25 1755 10045 451
10000000000000000010110100011001 27 7 65 126819 217 731 513 6935 1001
10000000000000000010110100011111 51 17 175 3 15925 3091 9 25 11
10000000000000000010110100100101 15 565 3412325 39 259 25 585 1025 11
10000000000000000010110100110001 147 17 5 57 1463 73 549 3815 209
10000000000000000010110100111101 99 763 65 1827 122605 43 513 11315 1001
10000000000000000010110101000011 285 85 85 39 259 256525 585 2255 11
10000000000000000010110101001001 3 19 5 111 6643 11 9 5 187
